<?xml version="1.0" encoding="UTF-8"?>
<testng-results skipped="0" failed="1" total="5" passed="4">
  <reporter-output>
  </reporter-output>
  <suite name="AmazonAppAutomation" duration-ms="104702" started-at="2020-10-07T05:26:06Z" finished-at="2020-10-07T05:27:51Z">
    <groups>
    </groups>
    <test name="Amazon App" duration-ms="104702" started-at="2020-10-07T05:26:06Z" finished-at="2020-10-07T05:27:51Z">
      <class name="com.amazon.DriverScripts.TestCaseExecutionScript">
        <test-method status="PASS" signature="setUp()[pri:0, instance:com.amazon.DriverScripts.TestCaseExecutionScript@2a65fe7c]" name="setUp" is-config="true" duration-ms="12708" started-at="2020-10-07T10:56:06Z" finished-at="2020-10-07T10:56:19Z">
          <reporter-output>
          </reporter-output>
        </test-method> <!-- setUp -->
        <test-method status="PASS" signature="loginIntoAmazonApp()[pri:0, instance:com.amazon.DriverScripts.TestCaseExecutionScript@2a65fe7c]" name="loginIntoAmazonApp" duration-ms="12505" started-at="2020-10-07T10:56:19Z" finished-at="2020-10-07T10:56:31Z">
          <reporter-output>
          </reporter-output>
        </test-method> <!-- loginIntoAmazonApp -->
        <test-method status="PASS" signature="verifylogiFunctionality()[pri:0, instance:com.amazon.DriverScripts.TestCaseExecutionScript@2a65fe7c]" name="verifylogiFunctionality" duration-ms="10904" started-at="2020-10-07T10:56:31Z" finished-at="2020-10-07T10:56:42Z">
          <reporter-output>
          </reporter-output>
        </test-method> <!-- verifylogiFunctionality -->
        <test-method status="PASS" signature="searchProductFromAppFunctionality()[pri:0, instance:com.amazon.DriverScripts.TestCaseExecutionScript@2a65fe7c]" name="searchProductFromAppFunctionality" duration-ms="13247" started-at="2020-10-07T10:56:42Z" finished-at="2020-10-07T10:56:55Z">
          <reporter-output>
          </reporter-output>
        </test-method> <!-- searchProductFromAppFunctionality -->
        <test-method status="PASS" signature="selectRandomProductFromLListFunctionality()[pri:0, instance:com.amazon.DriverScripts.TestCaseExecutionScript@2a65fe7c]" name="selectRandomProductFromLListFunctionality" duration-ms="54472" started-at="2020-10-07T10:56:55Z" finished-at="2020-10-07T10:57:50Z">
          <reporter-output>
          </reporter-output>
        </test-method> <!-- selectRandomProductFromLListFunctionality -->
        <test-method status="FAIL" signature="verifyProductPriceAtCheckoutFunctionality()[pri:0, instance:com.amazon.DriverScripts.TestCaseExecutionScript@2a65fe7c]" name="verifyProductPriceAtCheckoutFunctionality" duration-ms="827" started-at="2020-10-07T10:57:50Z" finished-at="2020-10-07T10:57:51Z">
          <exception class="org.junit.ComparisonFailure">
            <message>
              <![CDATA[expected:<[]82,990> but was:<[   ]82,990>]]>
            </message>
            <full-stacktrace>
              <![CDATA[org.junit.ComparisonFailure: expected:<[]82,990> but was:<[   ]82,990>
	at org.junit.Assert.assertEquals(Assert.java:125)
	at org.junit.Assert.assertEquals(Assert.java:147)
	at com.amazon.PagesClass.VerifypriceofproductatcheckoutPage.verifyProductPriceAtCheckoutFunctionality(VerifypriceofproductatcheckoutPage.java:47)
	at com.amazon.DriverScripts.TestCaseExecutionScript.verifyProductPriceAtCheckoutFunctionality(TestCaseExecutionScript.java:96)
	at sun.reflect.NativeMethodAccessorImpl.invoke0(Native Method)
	at sun.reflect.NativeMethodAccessorImpl.invoke(NativeMethodAccessorImpl.java:62)
	at sun.reflect.DelegatingMethodAccessorImpl.invoke(DelegatingMethodAccessorImpl.java:43)
	at java.lang.reflect.Method.invoke(Method.java:498)
	at org.testng.internal.MethodInvocationHelper.invokeMethod(MethodInvocationHelper.java:80)
	at org.testng.internal.Invoker.invokeMethod(Invoker.java:714)
	at org.testng.internal.Invoker.invokeTestMethod(Invoker.java:901)
	at org.testng.internal.Invoker.invokeTestMethods(Invoker.java:1231)
	at org.testng.internal.TestMethodWorker.invokeTestMethods(TestMethodWorker.java:127)
	at org.testng.internal.TestMethodWorker.run(TestMethodWorker.java:111)
	at org.testng.TestRunner.privateRun(TestRunner.java:767)
	at org.testng.TestRunner.run(TestRunner.java:617)
	at org.testng.SuiteRunner.runTest(SuiteRunner.java:334)
	at org.testng.SuiteRunner.runSequentially(SuiteRunner.java:329)
	at org.testng.SuiteRunner.privateRun(SuiteRunner.java:291)
	at org.testng.SuiteRunner.run(SuiteRunner.java:240)
	at org.testng.SuiteRunnerWorker.runSuite(SuiteRunnerWorker.java:52)
	at org.testng.SuiteRunnerWorker.run(SuiteRunnerWorker.java:86)
	at org.testng.TestNG.runSuitesSequentially(TestNG.java:1198)
	at org.testng.TestNG.runSuitesLocally(TestNG.java:1123)
	at org.testng.TestNG.run(TestNG.java:1031)
	at org.apache.maven.surefire.testng.TestNGExecutor.run(TestNGExecutor.java:295)
	at org.apache.maven.surefire.testng.TestNGXmlTestSuite.execute(TestNGXmlTestSuite.java:84)
	at org.apache.maven.surefire.testng.TestNGProvider.invoke(TestNGProvider.java:90)
	at org.apache.maven.surefire.booter.ForkedBooter.invokeProviderInSameClassLoader(ForkedBooter.java:203)
	at org.apache.maven.surefire.booter.ForkedBooter.runSuitesInProcess(ForkedBooter.java:155)
	at org.apache.maven.surefire.booter.ForkedBooter.main(ForkedBooter.java:103)
]]>
            </full-stacktrace>
          </exception> <!-- org.junit.ComparisonFailure -->
          <reporter-output>
          </reporter-output>
        </test-method> <!-- verifyProductPriceAtCheckoutFunctionality -->
        <test-method status="FAIL" signature="tearDown(org.testng.ITestResult)[pri:0, instance:com.amazon.DriverScripts.TestCaseExecutionScript@2a65fe7c]" name="tearDown" is-config="true" duration-ms="0" started-at="2020-10-07T10:57:51Z" finished-at="2020-10-07T10:57:51Z">
          <exception class="java.lang.IllegalArgumentException">
            <message>
              <![CDATA[wrong number of arguments]]>
            </message>
            <full-stacktrace>
              <![CDATA[java.lang.IllegalArgumentException: wrong number of arguments
	at sun.reflect.NativeMethodAccessorImpl.invoke0(Native Method)
	at sun.reflect.NativeMethodAccessorImpl.invoke(NativeMethodAccessorImpl.java:62)
	at sun.reflect.DelegatingMethodAccessorImpl.invoke(DelegatingMethodAccessorImpl.java:43)
	at java.lang.reflect.Method.invoke(Method.java:498)
	at org.testng.internal.MethodInvocationHelper.invokeMethod(MethodInvocationHelper.java:80)
	at org.testng.internal.Invoker.invokeConfigurationMethod(Invoker.java:564)
	at org.testng.internal.Invoker.invokeConfigurations(Invoker.java:213)
	at org.testng.internal.Invoker.invokeConfigurations(Invoker.java:138)
	at org.testng.internal.TestMethodWorker.invokeAfterClassMethods(TestMethodWorker.java:225)
	at org.testng.internal.TestMethodWorker.run(TestMethodWorker.java:114)
	at org.testng.TestRunner.privateRun(TestRunner.java:767)
	at org.testng.TestRunner.run(TestRunner.java:617)
	at org.testng.SuiteRunner.runTest(SuiteRunner.java:334)
	at org.testng.SuiteRunner.runSequentially(SuiteRunner.java:329)
	at org.testng.SuiteRunner.privateRun(SuiteRunner.java:291)
	at org.testng.SuiteRunner.run(SuiteRunner.java:240)
	at org.testng.SuiteRunnerWorker.runSuite(SuiteRunnerWorker.java:52)
	at org.testng.SuiteRunnerWorker.run(SuiteRunnerWorker.java:86)
	at org.testng.TestNG.runSuitesSequentially(TestNG.java:1198)
	at org.testng.TestNG.runSuitesLocally(TestNG.java:1123)
	at org.testng.TestNG.run(TestNG.java:1031)
	at org.apache.maven.surefire.testng.TestNGExecutor.run(TestNGExecutor.java:295)
	at org.apache.maven.surefire.testng.TestNGXmlTestSuite.execute(TestNGXmlTestSuite.java:84)
	at org.apache.maven.surefire.testng.TestNGProvider.invoke(TestNGProvider.java:90)
	at org.apache.maven.surefire.booter.ForkedBooter.invokeProviderInSameClassLoader(ForkedBooter.java:203)
	at org.apache.maven.surefire.booter.ForkedBooter.runSuitesInProcess(ForkedBooter.java:155)
	at org.apache.maven.surefire.booter.ForkedBooter.main(ForkedBooter.java:103)
]]>
            </full-stacktrace>
          </exception> <!-- java.lang.IllegalArgumentException -->
          <reporter-output>
          </reporter-output>
        </test-method> <!-- tearDown -->
      </class> <!-- com.amazon.DriverScripts.TestCaseExecutionScript -->
    </test> <!-- Amazon App -->
  </suite> <!-- AmazonAppAutomation -->
</testng-results>
