<?xml version="1.0" encoding="UTF-8"?>
<testsuite name="TestSuite" time="92.788" tests="6" errors="0" skipped="0" failures="2">
  <properties>
[...]
</properties>
  <testcase name="loginIntoAmazonApp" classname="com.amazon.DriverScripts.TestCaseExecutionScript" time="12.502"/>
  <testcase name="verifylogiFunctionality" classname="com.amazon.DriverScripts.TestCaseExecutionScript" time="10.902"/>
  <testcase name="searchProductFromAppFunctionality" classname="com.amazon.DriverScripts.TestCaseExecutionScript" time="13.248"/>
  <testcase name="selectRandomProductFromLListFunctionality" classname="com.amazon.DriverScripts.TestCaseExecutionScript" time="54.471"/>
  <testcase name="verifyProductPriceAtCheckoutFunctionality" classname="com.amazon.DriverScripts.TestCaseExecutionScript" time="0.831">
    <failure message="expected:&lt;[]82,990&gt; but was:&lt;[   ]82,990&gt;" type="org.junit.ComparisonFailure"><![CDATA[org.junit.ComparisonFailure: expected:<[]82,990> but was:<[   ]82,990>
	at org.junit.Assert.assertEquals(Assert.java:125)
	at org.junit.Assert.assertEquals(Assert.java:147)
	at com.amazon.PagesClass.VerifypriceofproductatcheckoutPage.verifyProductPriceAtCheckoutFunctionality(VerifypriceofproductatcheckoutPage.java:47)
	at com.amazon.DriverScripts.TestCaseExecutionScript.verifyProductPriceAtCheckoutFunctionality(TestCaseExecutionScript.java:96)
]]></failure>
  </testcase>
  <testcase name="tearDown" classname="com.amazon.DriverScripts.TestCaseExecutionScript" time="0.834">
    <failure message="wrong number of arguments" type="java.lang.IllegalArgumentException">java.lang.IllegalArgumentException: wrong number of arguments
	at sun.reflect.NativeMethodAccessorImpl.invoke0(Native Method)
	at sun.reflect.NativeMethodAccessorImpl.invoke(NativeMethodAccessorImpl.java:62)
	at sun.reflect.DelegatingMethodAccessorImpl.invoke(DelegatingMethodAccessorImpl.java:43)
	at java.lang.reflect.Method.invoke(Method.java:498)
	at org.testng.internal.MethodInvocationHelper.invokeMethod(MethodInvocationHelper.java:80)
	at org.testng.internal.Invoker.invokeConfigurationMethod(Invoker.java:564)
	at org.testng.internal.Invoker.invokeConfigurations(Invoker.java:213)
	at org.testng.internal.Invoker.invokeConfigurations(Invoker.java:138)
	at org.testng.internal.TestMethodWorker.invokeAfterClassMethods(TestMethodWorker.java:225)
	at org.testng.internal.TestMethodWorker.run(TestMethodWorker.java:114)
	at org.testng.TestRunner.privateRun(TestRunner.java:767)
	at org.testng.TestRunner.run(TestRunner.java:617)
	at org.testng.SuiteRunner.runTest(SuiteRunner.java:334)
	at org.testng.SuiteRunner.runSequentially(SuiteRunner.java:329)
	at org.testng.SuiteRunner.privateRun(SuiteRunner.java:291)
	at org.testng.SuiteRunner.run(SuiteRunner.java:240)
	at org.testng.SuiteRunnerWorker.runSuite(SuiteRunnerWorker.java:52)
	at org.testng.SuiteRunnerWorker.run(SuiteRunnerWorker.java:86)
	at org.testng.TestNG.runSuitesSequentially(TestNG.java:1198)
	at org.testng.TestNG.runSuitesLocally(TestNG.java:1123)
	at org.testng.TestNG.run(TestNG.java:1031)
	at org.apache.maven.surefire.testng.TestNGExecutor.run(TestNGExecutor.java:295)
	at org.apache.maven.surefire.testng.TestNGXmlTestSuite.execute(TestNGXmlTestSuite.java:84)
	at org.apache.maven.surefire.testng.TestNGProvider.invoke(TestNGProvider.java:90)
	at org.apache.maven.surefire.booter.ForkedBooter.invokeProviderInSameClassLoader(ForkedBooter.java:203)
	at org.apache.maven.surefire.booter.ForkedBooter.runSuitesInProcess(ForkedBooter.java:155)
	at org.apache.maven.surefire.booter.ForkedBooter.main(ForkedBooter.java:103)
</failure>
  </testcase>
</testsuite>