<?xml version="1.0" encoding="UTF-8"?>
<testng-results skipped="0" failed="0" total="5" passed="5">
  <reporter-output>
  </reporter-output>
  <suite name="AmazonAppAutomation" duration-ms="103582" started-at="2020-10-07T08:04:41Z" finished-at="2020-10-07T08:06:25Z">
    <groups>
    </groups>
    <test name="Amazon App" duration-ms="103582" started-at="2020-10-07T08:04:41Z" finished-at="2020-10-07T08:06:25Z">
      <class name="com.amazon.DriverScripts.TestCaseExecutionScript">
        <test-method status="PASS" signature="setUp()[pri:0, instance:com.amazon.DriverScripts.TestCaseExecutionScript@6e509ffa]" name="setUp" is-config="true" duration-ms="16517" started-at="2020-10-07T13:34:41Z" finished-at="2020-10-07T13:34:57Z">
          <reporter-output>
          </reporter-output>
        </test-method> <!-- setUp -->
        <test-method status="PASS" signature="loginIntoAmazonApp()[pri:0, instance:com.amazon.DriverScripts.TestCaseExecutionScript@6e509ffa]" name="loginIntoAmazonApp" duration-ms="12291" started-at="2020-10-07T13:34:57Z" finished-at="2020-10-07T13:35:10Z">
          <reporter-output>
          </reporter-output>
        </test-method> <!-- loginIntoAmazonApp -->
        <test-method status="PASS" signature="verifylogiFunctionality()[pri:0, instance:com.amazon.DriverScripts.TestCaseExecutionScript@6e509ffa]" name="verifylogiFunctionality" duration-ms="9806" started-at="2020-10-07T13:35:10Z" finished-at="2020-10-07T13:35:20Z">
          <reporter-output>
          </reporter-output>
        </test-method> <!-- verifylogiFunctionality -->
        <test-method status="PASS" signature="searchProductFromAppFunctionality()[pri:0, instance:com.amazon.DriverScripts.TestCaseExecutionScript@6e509ffa]" name="searchProductFromAppFunctionality" duration-ms="13942" started-at="2020-10-07T13:35:20Z" finished-at="2020-10-07T13:35:34Z">
          <reporter-output>
          </reporter-output>
        </test-method> <!-- searchProductFromAppFunctionality -->
        <test-method status="PASS" signature="selectRandomProductFromLListFunctionality()[pri:0, instance:com.amazon.DriverScripts.TestCaseExecutionScript@6e509ffa]" name="selectRandomProductFromLListFunctionality" duration-ms="49652" started-at="2020-10-07T13:35:34Z" finished-at="2020-10-07T13:36:23Z">
          <reporter-output>
          </reporter-output>
        </test-method> <!-- selectRandomProductFromLListFunctionality -->
        <test-method status="PASS" signature="verifyProductPriceAtCheckoutFunctionality()[pri:0, instance:com.amazon.DriverScripts.TestCaseExecutionScript@6e509ffa]" name="verifyProductPriceAtCheckoutFunctionality" duration-ms="872" started-at="2020-10-07T13:36:23Z" finished-at="2020-10-07T13:36:24Z">
          <reporter-output>
          </reporter-output>
        </test-method> <!-- verifyProductPriceAtCheckoutFunctionality -->
        <test-method status="PASS" signature="tearDown()[pri:0, instance:com.amazon.DriverScripts.TestCaseExecutionScript@6e509ffa]" name="tearDown" is-config="true" duration-ms="483" started-at="2020-10-07T13:36:24Z" finished-at="2020-10-07T13:36:25Z">
          <reporter-output>
          </reporter-output>
        </test-method> <!-- tearDown -->
      </class> <!-- com.amazon.DriverScripts.TestCaseExecutionScript -->
    </test> <!-- Amazon App -->
  </suite> <!-- AmazonAppAutomation -->
</testng-results>
