<?xml version="1.0" encoding="UTF-8"?>
<testng-results skipped="0" failed="1" total="5" passed="4">
  <reporter-output>
  </reporter-output>
  <suite name="AmazonAppAutomation" duration-ms="134207" started-at="2020-09-18T10:03:16Z" finished-at="2020-09-18T10:05:31Z">
    <groups>
    </groups>
    <test name="Amazon App" duration-ms="134207" started-at="2020-09-18T10:03:16Z" finished-at="2020-09-18T10:05:31Z">
      <class name="com.amazon.DriverScripts.TestCaseExecutionScript">
        <test-method status="PASS" signature="setUp()[pri:0, instance:Thread[Thread-0,5,main]]" name="setUp" is-config="true" duration-ms="11221" started-at="2020-09-18T15:33:16Z" finished-at="2020-09-18T15:33:28Z">
          <reporter-output>
          </reporter-output>
        </test-method> <!-- setUp -->
        <test-method status="PASS" signature="loginIntoAmazonApp()[pri:0, instance:Thread[Thread-0,5,main]]" name="loginIntoAmazonApp" duration-ms="11338" started-at="2020-09-18T15:33:28Z" finished-at="2020-09-18T15:33:39Z">
          <reporter-output>
          </reporter-output>
        </test-method> <!-- loginIntoAmazonApp -->
        <test-method status="PASS" signature="verifylogiFunctionality()[pri:0, instance:Thread[Thread-0,5,main]]" name="verifylogiFunctionality" duration-ms="12250" started-at="2020-09-18T15:33:39Z" finished-at="2020-09-18T15:33:51Z">
          <reporter-output>
          </reporter-output>
        </test-method> <!-- verifylogiFunctionality -->
        <test-method status="PASS" signature="searchProductFromAppFunctionality()[pri:0, instance:Thread[Thread-0,5,main]]" name="searchProductFromAppFunctionality" duration-ms="12145" started-at="2020-09-18T15:33:51Z" finished-at="2020-09-18T15:34:03Z">
          <reporter-output>
          </reporter-output>
        </test-method> <!-- searchProductFromAppFunctionality -->
        <test-method status="PASS" signature="selectRandomProductFromLListFunctionality()[pri:0, instance:Thread[Thread-0,5,main]]" name="selectRandomProductFromLListFunctionality" duration-ms="86474" started-at="2020-09-18T15:34:03Z" finished-at="2020-09-18T15:35:30Z">
          <reporter-output>
          </reporter-output>
        </test-method> <!-- selectRandomProductFromLListFunctionality -->
        <test-method status="FAIL" signature="verifyProductPriceAtCheckoutFunctionality()[pri:0, instance:Thread[Thread-0,5,main]]" name="verifyProductPriceAtCheckoutFunctionality" duration-ms="732" started-at="2020-09-18T15:35:30Z" finished-at="2020-09-18T15:35:31Z">
          <exception class="org.junit.ComparisonFailure">
            <message>
              <![CDATA[expected:<[]82,990> but was:<[   ]82,990>]]>
            </message>
            <full-stacktrace>
              <![CDATA[org.junit.ComparisonFailure: expected:<[]82,990> but was:<[   ]82,990>
	at org.junit.Assert.assertEquals(Assert.java:125)
	at org.junit.Assert.assertEquals(Assert.java:147)
	at com.amazon.PagesClass.VerifypriceofproductatcheckoutPage.verifyProductPriceAtCheckoutFunctionality(VerifypriceofproductatcheckoutPage.java:45)
	at com.amazon.DriverScripts.TestCaseExecutionScript.verifyProductPriceAtCheckoutFunctionality(TestCaseExecutionScript.java:104)
	at sun.reflect.NativeMethodAccessorImpl.invoke0(Native Method)
	at sun.reflect.NativeMethodAccessorImpl.invoke(NativeMethodAccessorImpl.java:62)
	at sun.reflect.DelegatingMethodAccessorImpl.invoke(DelegatingMethodAccessorImpl.java:43)
	at java.lang.reflect.Method.invoke(Method.java:498)
	at org.testng.internal.MethodInvocationHelper.invokeMethod(MethodInvocationHelper.java:80)
	at org.testng.internal.Invoker.invokeMethod(Invoker.java:714)
	at org.testng.internal.Invoker.invokeTestMethod(Invoker.java:901)
	at org.testng.internal.Invoker.invokeTestMethods(Invoker.java:1231)
	at org.testng.internal.TestMethodWorker.invokeTestMethods(TestMethodWorker.java:127)
	at org.testng.internal.TestMethodWorker.run(TestMethodWorker.java:111)
	at org.testng.TestRunner.privateRun(TestRunner.java:767)
	at org.testng.TestRunner.run(TestRunner.java:617)
	at org.testng.SuiteRunner.runTest(SuiteRunner.java:334)
	at org.testng.SuiteRunner.runSequentially(SuiteRunner.java:329)
	at org.testng.SuiteRunner.privateRun(SuiteRunner.java:291)
	at org.testng.SuiteRunner.run(SuiteRunner.java:240)
	at org.testng.SuiteRunnerWorker.runSuite(SuiteRunnerWorker.java:52)
	at org.testng.SuiteRunnerWorker.run(SuiteRunnerWorker.java:86)
	at org.testng.TestNG.runSuitesSequentially(TestNG.java:1198)
	at org.testng.TestNG.runSuitesLocally(TestNG.java:1123)
	at org.testng.TestNG.run(TestNG.java:1031)
	at org.testng.remote.AbstractRemoteTestNG.run(AbstractRemoteTestNG.java:114)
	at org.testng.remote.RemoteTestNG.initAndRun(RemoteTestNG.java:251)
	at org.testng.remote.RemoteTestNG.main(RemoteTestNG.java:77)
]]>
            </full-stacktrace>
          </exception> <!-- org.junit.ComparisonFailure -->
          <reporter-output>
          </reporter-output>
        </test-method> <!-- verifyProductPriceAtCheckoutFunctionality -->
        <test-method status="FAIL" signature="tearDown(org.testng.ITestResult)[pri:0, instance:Thread[Thread-0,5,main]]" name="tearDown" is-config="true" duration-ms="0" started-at="2020-09-18T15:35:31Z" finished-at="2020-09-18T15:35:31Z">
          <exception class="java.lang.IllegalArgumentException">
            <message>
              <![CDATA[wrong number of arguments]]>
            </message>
            <full-stacktrace>
              <![CDATA[java.lang.IllegalArgumentException: wrong number of arguments
	at sun.reflect.NativeMethodAccessorImpl.invoke0(Native Method)
	at sun.reflect.NativeMethodAccessorImpl.invoke(NativeMethodAccessorImpl.java:62)
	at sun.reflect.DelegatingMethodAccessorImpl.invoke(DelegatingMethodAccessorImpl.java:43)
	at java.lang.reflect.Method.invoke(Method.java:498)
	at org.testng.internal.MethodInvocationHelper.invokeMethod(MethodInvocationHelper.java:80)
	at org.testng.internal.Invoker.invokeConfigurationMethod(Invoker.java:564)
	at org.testng.internal.Invoker.invokeConfigurations(Invoker.java:213)
	at org.testng.internal.Invoker.invokeConfigurations(Invoker.java:138)
	at org.testng.internal.TestMethodWorker.invokeAfterClassMethods(TestMethodWorker.java:225)
	at org.testng.internal.TestMethodWorker.run(TestMethodWorker.java:114)
	at org.testng.TestRunner.privateRun(TestRunner.java:767)
	at org.testng.TestRunner.run(TestRunner.java:617)
	at org.testng.SuiteRunner.runTest(SuiteRunner.java:334)
	at org.testng.SuiteRunner.runSequentially(SuiteRunner.java:329)
	at org.testng.SuiteRunner.privateRun(SuiteRunner.java:291)
	at org.testng.SuiteRunner.run(SuiteRunner.java:240)
	at org.testng.SuiteRunnerWorker.runSuite(SuiteRunnerWorker.java:52)
	at org.testng.SuiteRunnerWorker.run(SuiteRunnerWorker.java:86)
	at org.testng.TestNG.runSuitesSequentially(TestNG.java:1198)
	at org.testng.TestNG.runSuitesLocally(TestNG.java:1123)
	at org.testng.TestNG.run(TestNG.java:1031)
	at org.testng.remote.AbstractRemoteTestNG.run(AbstractRemoteTestNG.java:114)
	at org.testng.remote.RemoteTestNG.initAndRun(RemoteTestNG.java:251)
	at org.testng.remote.RemoteTestNG.main(RemoteTestNG.java:77)
]]>
            </full-stacktrace>
          </exception> <!-- java.lang.IllegalArgumentException -->
          <reporter-output>
          </reporter-output>
        </test-method> <!-- tearDown -->
      </class> <!-- com.amazon.DriverScripts.TestCaseExecutionScript -->
    </test> <!-- Amazon App -->
  </suite> <!-- AmazonAppAutomation -->
</testng-results>
