<?xml version="1.0" encoding="UTF-8"?>
<!-- Generated by org.testng.reporters.JUnitXMLReporter -->
<testsuite hostname="Administrators-MacBook-Pro-2.local" name="Amazon App" tests="5" failures="0" timestamp="7 Oct 2020 08:06:25 GMT" time="103.582" errors="0">
  <testcase name="loginIntoAmazonApp" time="12.291" classname="com.amazon.DriverScripts.TestCaseExecutionScript"/>
  <testcase name="verifylogiFunctionality" time="9.806" classname="com.amazon.DriverScripts.TestCaseExecutionScript"/>
  <testcase name="searchProductFromAppFunctionality" time="13.942" classname="com.amazon.DriverScripts.TestCaseExecutionScript"/>
  <testcase name="selectRandomProductFromLListFunctionality" time="49.652" classname="com.amazon.DriverScripts.TestCaseExecutionScript"/>
  <testcase name="verifyProductPriceAtCheckoutFunctionality" time="0.872" classname="com.amazon.DriverScripts.TestCaseExecutionScript"/>
</testsuite> <!-- Amazon App -->
